[debug] [2025-10-18T11:34:33.255Z] ----------------------------------------------------------------------
[debug] [2025-10-18T11:34:33.257Z] Command:       C:\Program Files\nodejs\node.exe C:\Users\Jay-ann Alorro\AppData\Roaming\npm\node_modules\firebase-tools\lib\bin\firebase.js init
[debug] [2025-10-18T11:34:33.258Z] CLI Version:   14.20.0
[debug] [2025-10-18T11:34:33.258Z] Platform:      win32
[debug] [2025-10-18T11:34:33.259Z] Node Version:  v22.17.1
[debug] [2025-10-18T11:34:33.259Z] Time:          Sat Oct 18 2025 19:34:33 GMT+0800 (Philippine Standard Time)
[debug] [2025-10-18T11:34:33.259Z] ----------------------------------------------------------------------
[debug] 
[info] 
     ######## #### ########  ######## ########     ###     ######  ########
     ##        ##  ##     ## ##       ##     ##  ##   ##  ##       ##
     ######    ##  ########  ######   ########  #########  ######  ######
     ##        ##  ##    ##  ##       ##     ## ##     ##       ## ##
     ##       #### ##     ## ######## ########  ##     ##  ######  ########

You're about to initialize a Firebase project in this directory:

  C:\Users\Jay-ann Alorro\Documents\CPE029\aquaculture-frontend-mobile\aquaculture-mobile

[debug] [2025-10-18T11:34:48.895Z] ExitPromptError: User force closed the prompt with SIGINT
    at Interface.sigint (C:\Users\Jay-ann Alorro\AppData\Roaming\npm\node_modules\firebase-tools\node_modules\@inquirer\core\dist\commonjs\lib\create-prompt.js:101:37)
    at Interface.emit (node:events:518:28)
    at Interface.emit (node:domain:489:12)
    at [_ttyWrite] [as _ttyWrite] (node:internal/readline/interface:1132:18)
    at ReadStream.onkeypress (node:internal/readline/interface:271:20)
    at ReadStream.emit (node:events:530:35)
    at ReadStream.emit (node:domain:489:12)
    at emitKeys (node:internal/readline/utils:370:14)
    at emitKeys.next (<anonymous>)
    at ReadStream.onData (node:internal/readline/emitKeypressEvents:64:36)
[error] 
[error] Error: An unexpected error has occurred.
